<?xml version="1.0" encoding="utf-8"?><testsuites name="pytest tests"><testsuite name="pytest" errors="0" failures="0" skipped="0" tests="15" time="7.791" timestamp="2026-06-22T05:29:22.093596+00:00" hostname="agent-env-fa8c5463-2f36-4192-8987-ecef6140c90a"><testcase classname="backend.tests.test_p1_features.TestCalendar" name="test_admin_create_event_all_audience" time="1.096" /><testcase classname="backend.tests.test_p1_features.TestCalendar" name="test_admin_create_event_admins_only" time="0.389" /><testcase classname="backend.tests.test_p1_features.TestCalendar" name="test_admin_update_event" time="0.269" /><testcase classname="backend.tests.test_p1_features.TestCalendar" name="test_learner_cannot_create_event" time="0.122" /><testcase classname="backend.tests.test_p1_features.TestCalendar" name="test_admin_delete_event" time="0.347" /><testcase classname="backend.tests.test_p1_features.TestAnnouncements" name="test_create_pinned_announcement" time="0.229" /><testcase classname="backend.tests.test_p1_features.TestAnnouncements" name="test_create_categorized_announcement" time="0.414" /><testcase classname="backend.tests.test_p1_features.TestAnnouncements" name="test_audience_admins_only" time="0.260" /><testcase classname="backend.tests.test_p1_features.TestAnnouncements" name="test_update_and_delete_announcement" time="0.268" /><testcase classname="backend.tests.test_p1_features.TestNotifications" name="test_announcement_creates_notification_for_learner" time="1.414" /><testcase classname="backend.tests.test_p1_features.TestNotifications" name="test_mark_one_read" time="0.257" /><testcase classname="backend.tests.test_p1_features.TestNotifications" name="test_mark_all_read" time="1.153" /><testcase classname="backend.tests.test_p1_features.TestFeedback" name="test_submit_feedback_and_rating" time="0.475" /><testcase classname="backend.tests.test_p1_features.TestFeedback" name="test_feedback_idempotent_update" time="0.488" /><testcase classname="backend.tests.test_p1_features.TestFeedback" name="test_invalid_rating_rejected" time="0.502" /></testsuite></testsuites>